Arguments: 
  /usr/local/Cellar/node/14.9.0/bin/node /usr/local/Cellar/yarn/1.22.5/libexec/bin/yarn.js

PATH: 
  /Users/filipmertens/Library/Python/2.7/bin:/usr/local/bin:/usr/bin:/bin:/usr/sbin:/sbin:/usr/local/share/dotnet:~/.dotnet/tools:/Library/Frameworks/Mono.framework/Versions/Current/Commands

Yarn version: 
  1.22.5

Node version: 
  14.9.0

Platform: 
  darwin x64

Trace: 
  Error: ENOENT: no such file or directory, lstat '/Volumes/butbut/code/remix-project/dist/libs/core-plugin/compiler-content-imports/node_modules'

npm manifest: 
  {
  	"name": "ethereum-remix",
  	"displayName": "Ethereum Remix",
  	"description": "Ethereum Remix plugins in VSCode",
  	"version": "0.0.8",
  	"publisher": "RemixProject",
  	"enableProposedApi": true,
  	"icon": "media/icon.png",
  	"repository": {
  		"type": "git",
  		"url": "https://github.com/ethereum/remix-vscode"
  	},
  	"engines": {
  		"vscode": "^1.47.0"
  	},
  	"categories": [
  		"Extension Packs"
  	],
  	"keywords": [
  		"ethereum",
  		"Remix"
  	],
  	"activationEvents": [
  		"onView:rmxPlugins",
  		"onCommand:remix.compile"
  	],
  	"main": "./out/extension.js",
  	"contributes": {
  		"viewsWelcome": [
  			{
  				"view": "remix-plugins",
  				"contents": "No remix plugins found [learn more](https://remix.ethereum.org/).\n[Add Plugin](command:rmxPlugins.addEntry)",
  				"when": "view == remix-plugins"
  			}
  		],
  		"viewsContainers": {
  			"activitybar": [
  				{
  					"id": "remix-plugins",
  					"title": "Ethereum Remix",
  					"icon": "media/remix.svg"
  				}
  			]
  		},
  		"views": {
  			"remix-plugins": [
  				{
  					"id": "rmxPlugins",
  					"name": "Plugins",
  					"icon": "media/remix.svg",
  					"contextualTitle": "Remix"
  				}
  			]
  		},
  		"commands": [
  			{
  				"command": "rmxPlugins.refreshEntry",
  				"title": "Refresh",
  				"icon": {
  					"light": "resources/light/refresh.svg",
  					"dark": "resources/dark/refresh.svg"
  				},
  				"category": "Remix"
  			},
  			{
  				"command": "rmxPlugins.addEntry",
  				"title": "Add plugin",
  				"category": "Remix"
  			},
  			{
  				"command": "rmxPlugins.testaction",
  				"title": "test action",
  				"category": "Remix"
  			},
  			{
  				"command": "rmxPlugins.deploy",
  				"title": "Deploy compiled contract to Wallet Connect",
  				"category": "Remix"
  			},
  			{
  				"command": "rmxPlugins.walletConnect",
  				"title": "Connect to mobile Wallet",
  				"category": "Remix"
  			},
  			{
  				"command": "rmxPlugins.walletDisconnect",
  				"title": "Disconnect from mobile Wallet",
  				"category": "Remix"
  			},
  			{
  				"command": "rmxPlugins.showPluginOptions",
  				"title": "Options",
  				"icon": {
  					"light": "resources/light/settings.svg",
  					"dark": "resources/dark/settings.svg"
  				},
  				"category": "Remix"
  			},
  			{
  				"command": "rmxPlugins.compile.solidity",
  				"title": "Compile with Solidity extension",
  				"category": "Remix"
  			},
  			{
  				"command": "rmxPlugins.compile",
  				"title": "Compile with Remix Solidity/YUL compiler",
  				"category": "Remix"
  			},
  			{
  				"command": "rmxPlugins.versionSelector",
  				"title": "Remix compiler version selector",
  				"category": "Remix"
  			},
  			{
  				"command": "rmxPlugins.optimizerSelector",
  				"title": "Yul optimizer",
  				"category": "Remix"
  			},
  			{
  				"command": "rmxPlugins.languageSelector",
  				"title": "Language selector",
  				"category": "Remix"
  			},
  			{
  				"command": "rmxPlugins.startRemixd",
  				"title": "Connect to Remix with the remixd daemon",
  				"category": "Remix"
  			},
  			{
  				"command": "rmxPlugins.stopRemixd",
  				"title": "Stop the remixd daemon",
  				"category": "Remix"
  			}
  		],
  		"keybindings": [
  			{
  				"key": "ctrl+alt+c",
  				"command": "rmxPlugins.compile"
  			},
  			{
  				"key": "ctrl+alt+v",
  				"command": "rmxPlugins.versionSelector"
  			}
  		],
  		"menus": {
  			"view/title": [
  				{
  					"command": "rmxPlugins.refreshEntry",
  					"when": "view == rmxPlugins",
  					"group": "navigation"
  				},
  				{
  					"command": "rmxPlugins.addEntry",
  					"when": "view == rmxPlugins"
  				}
  			],
  			"view/item/context": [
  				{
  					"command": "rmxPlugins.showPluginOptions",
  					"when": "view == rmxPlugins && viewItem == options",
  					"group": "inline"
  				}
  			]
  		}
  	},
  	"scripts": {
  		"vscode:prepublish": "npm run -S esbuild-base -- --minify",
  		"esbuild-base": "esbuild ./src/extension.ts --bundle --outfile=out/main.js --external:vscode --external:electron --format=cjs --platform=node",
  		"esbuild": "npm run -S esbuild-base -- --sourcemap",
  		"esbuild-watch": "npm run -S esbuild-base -- --sourcemap --watch",
  		"test-compile": "tsc -p ./",
  		"watch": "tsc -watch -p ./"
  	},
  	"devDependencies": {
  		"@types/mkdirp": "^0.5.2",
  		"@types/node": "^10.12.21",
  		"@types/rimraf": "^2.0.2",
  		"@types/vscode": "^1.47.0",
  		"esbuild": "^0.12.3",
  		"tslint": "^5.12.1",
  		"typescript": "^3.9.7"
  	},
  	"dependencies": {
  		"@remix-core-plugin/compiler-artefacts": "link:/Volumes/butbut/code/remix-project/dist/libs/core-plugin/compiler-artefacts",
  		"@remix-core-plugin/compiler-content-imports": "link:/Volumes/butbut/code/remix-project/dist/libs/core-plugin/compiler-content-imports",
  		"@remix-core-plugin/compiler-fetch-and-compile": "link:/Volumes/butbut/code/remix-project/dist/libs/core-plugin/compiler-fetch-and-compile",
  		"@remix-project/remix-lib": "link:../../remix-project/dist/libs/remix-lib",
  		"@remix-project/remix-solidity": "link:../../remix-project/dist/libs/remix-solidity",
  		"@remix-project/remix-url-resolver": "^0.0.21",
  		"@remix-project/remixd": "^0.3.5",
  		"@remixproject/engine": "^0.3.17",
  		"@remixproject/engine-vscode": "^0.3.17",
  		"@remixproject/plugin": "^0.3.17",
  		"@remixproject/plugin-api": "^0.3.17",
  		"@remixproject/plugin-utils": "^0.3.17",
  		"@remixproject/plugin-vscode": "^0.3.17",
  		"@types/semver": "^7.3.6",
  		"@walletconnect/web3-provider": "^1.4.1",
  		"axios": "^0.21.1",
  		"ftp": "^0.3.10",
  		"http": "^0.0.1-security",
  		"ipfs-http-client": "47.0.1",
  		"isomorphic-git": "^1.8.1",
  		"jsonc-parser": "^0.4.2",
  		"minixhr": "^4.0.0",
  		"mkdirp": "^0.5.1",
  		"query-string": "^7.0.0",
  		"remix-url-resolver": "^0.0.16",
  		"rimraf": "^2.6.2",
  		"semver": "^7.3.5",
  		"solc": "^0.7.0",
  		"tslint-config-prettier": "^1.18.0",
  		"web3": "^1.3.5"
  	}
  }

yarn manifest: 
  No manifest

Lockfile: 
  No lockfile
